[debug] [2025-07-17T13:51:20.309Z] ----------------------------------------------------------------------
[debug] [2025-07-17T13:51:20.322Z] Command:       C:\Program Files\nodejs\node.exe C:\Users\kriti\AppData\Roaming\npm\node_modules\firebase-tools\lib\bin\firebase.js init
[debug] [2025-07-17T13:51:20.323Z] CLI Version:   14.11.0
[debug] [2025-07-17T13:51:20.323Z] Platform:      win32
[debug] [2025-07-17T13:51:20.323Z] Node Version:  v20.15.1
[debug] [2025-07-17T13:51:20.324Z] Time:          Thu Jul 17 2025 19:21:20 GMT+0530 (India Standard Time)
[debug] [2025-07-17T13:51:20.324Z] ----------------------------------------------------------------------
[debug] 
[debug] [2025-07-17T13:51:20.333Z] > command requires scopes: ["email","openid","https://www.googleapis.com/auth/cloudplatformprojects.readonly","https://www.googleapis.com/auth/firebase","https://www.googleapis.com/auth/cloud-platform"]
[debug] [2025-07-17T13:51:20.334Z] > authorizing via signed-in user (kriti202jain@gmail.com)
[info] 
     ######## #### ########  ######## ########     ###     ######  ########
     ##        ##  ##     ## ##       ##     ##  ##   ##  ##       ##
     ######    ##  ########  ######   ########  #########  ######  ######
     ##        ##  ##    ##  ##       ##     ## ##     ##       ## ##
     ##       #### ##     ## ######## ########  ##     ##  ######  ########

You're about to initialize a Firebase project in this directory:

  C:\Users\kriti\student-fee-app

[info] 
=== Project Setup
[info] 
[info] First, let's associate this project directory with a Firebase project.
[info] You can create multiple project aliases by running firebase use --add, 
[info] but for now we'll just set up a default project.
[info] 
[debug] [2025-07-17T13:52:57.554Z] Checked if tokens are valid: true, expires at: 1752763820793
[debug] [2025-07-17T13:52:57.554Z] Checked if tokens are valid: true, expires at: 1752763820793
[debug] [2025-07-17T13:52:57.558Z] >>> [apiv2][query] GET https://firebase.googleapis.com/v1beta1/projects pageSize=100
[debug] [2025-07-17T13:52:58.602Z] <<< [apiv2][status] GET https://firebase.googleapis.com/v1beta1/projects 200
[debug] [2025-07-17T13:52:58.602Z] <<< [apiv2][body] GET https://firebase.googleapis.com/v1beta1/projects [omitted]
[info] i  Using project student-fee-portal-ae617 (student-fee-portal) 
[info] 
=== Firestore Setup
[info] i  firestore: ensuring required API firestore.googleapis.com is enabled... 
[debug] [2025-07-17T13:53:04.055Z] Checked if tokens are valid: true, expires at: 1752763820793
[debug] [2025-07-17T13:53:04.055Z] Checked if tokens are valid: true, expires at: 1752763820793
[debug] [2025-07-17T13:53:04.055Z] >>> [apiv2][query] GET https://serviceusage.googleapis.com/v1/projects/student-fee-portal-ae617/services/firestore.googleapis.com [none]
[debug] [2025-07-17T13:53:04.055Z] >>> [apiv2][(partial)header] GET https://serviceusage.googleapis.com/v1/projects/student-fee-portal-ae617/services/firestore.googleapis.com x-goog-quota-user=projects/student-fee-portal-ae617
[debug] [2025-07-17T13:53:06.161Z] <<< [apiv2][status] GET https://serviceusage.googleapis.com/v1/projects/student-fee-portal-ae617/services/firestore.googleapis.com 200
[debug] [2025-07-17T13:53:06.162Z] <<< [apiv2][body] GET https://serviceusage.googleapis.com/v1/projects/student-fee-portal-ae617/services/firestore.googleapis.com [omitted]
[info] +  firestore: required API firestore.googleapis.com is enabled 
[debug] [2025-07-17T13:53:06.165Z] Checked if tokens are valid: true, expires at: 1752763820793
[debug] [2025-07-17T13:53:06.165Z] Checked if tokens are valid: true, expires at: 1752763820793
[debug] [2025-07-17T13:53:06.165Z] >>> [apiv2][query] GET https://firestore.googleapis.com/v1/projects/student-fee-portal-ae617/databases [none]
[debug] [2025-07-17T13:53:07.249Z] <<< [apiv2][status] GET https://firestore.googleapis.com/v1/projects/student-fee-portal-ae617/databases 200
[debug] [2025-07-17T13:53:07.250Z] <<< [apiv2][body] GET https://firestore.googleapis.com/v1/projects/student-fee-portal-ae617/databases {"databases":[{"name":"projects/student-fee-portal-ae617/databases/(default)","uid":"9ef0be6e-2214-4c06-9c90-5079b7f3028a","createTime":"2025-07-17T06:20:04.244406Z","updateTime":"2025-07-17T06:20:04.244406Z","locationId":"nam5","type":"FIRESTORE_NATIVE","concurrencyMode":"PESSIMISTIC","versionRetentionPeriod":"3600s","earliestVersionTime":"2025-07-17T12:53:06.130748Z","appEngineIntegrationMode":"DISABLED","keyPrefix":"s","pointInTimeRecoveryEnablement":"POINT_IN_TIME_RECOVERY_DISABLED","deleteProtectionState":"DELETE_PROTECTION_DISABLED","databaseEdition":"STANDARD","freeTier":true,"etag":"INzKsaGFxI4DMN7hifSkw44D"}]}
[info] 
[info] Firestore Security Rules allow you to define how and when to allow
[info] requests. You can keep these rules in your project directory
[info] and publish them with firebase deploy.
[info] 
[debug] [2025-07-17T13:53:33.539Z] Checked if tokens are valid: true, expires at: 1752763820793
[debug] [2025-07-17T13:53:33.540Z] Checked if tokens are valid: true, expires at: 1752763820793
[debug] [2025-07-17T13:53:33.540Z] >>> [apiv2][query] GET https://firebaserules.googleapis.com/v1/projects/student-fee-portal-ae617/releases pageSize=10&pageToken=
[debug] [2025-07-17T13:53:35.525Z] <<< [apiv2][status] GET https://firebaserules.googleapis.com/v1/projects/student-fee-portal-ae617/releases 200
[debug] [2025-07-17T13:53:35.525Z] <<< [apiv2][body] GET https://firebaserules.googleapis.com/v1/projects/student-fee-portal-ae617/releases {"releases":[{"name":"projects/student-fee-portal-ae617/releases/cloud.firestore","rulesetName":"projects/student-fee-portal-ae617/rulesets/abbbc55d-9441-49aa-a590-ce50dad5e065","createTime":"2025-07-17T06:20:14.966900Z","updateTime":"2025-07-17T06:20:14.966900Z"}]}
[debug] [2025-07-17T13:53:35.526Z] Checked if tokens are valid: true, expires at: 1752763820793
[debug] [2025-07-17T13:53:35.526Z] Checked if tokens are valid: true, expires at: 1752763820793
[debug] [2025-07-17T13:53:35.526Z] >>> [apiv2][query] GET https://firebaserules.googleapis.com/v1/projects/student-fee-portal-ae617/rulesets/abbbc55d-9441-49aa-a590-ce50dad5e065 [none]
[debug] [2025-07-17T13:53:36.901Z] <<< [apiv2][status] GET https://firebaserules.googleapis.com/v1/projects/student-fee-portal-ae617/rulesets/abbbc55d-9441-49aa-a590-ce50dad5e065 200
[debug] [2025-07-17T13:53:36.901Z] <<< [apiv2][body] GET https://firebaserules.googleapis.com/v1/projects/student-fee-portal-ae617/rulesets/abbbc55d-9441-49aa-a590-ce50dad5e065 [omitted]
[info] i  Downloaded the existing Firestore Security Rules from the Firebase console 
[info] 
[info] Firestore indexes allow you to perform complex queries while
[info] maintaining performance that scales with the size of the result
[info] set. You can keep index definitions in your project directory
[info] and publish them with firebase deploy.
[info] 
[debug] [2025-07-17T13:53:40.353Z] Checked if tokens are valid: true, expires at: 1752763820793
[debug] [2025-07-17T13:53:40.353Z] Checked if tokens are valid: true, expires at: 1752763820793
[debug] [2025-07-17T13:53:40.354Z] Checked if tokens are valid: true, expires at: 1752763820793
[debug] [2025-07-17T13:53:40.354Z] Checked if tokens are valid: true, expires at: 1752763820793
[debug] [2025-07-17T13:53:40.354Z] >>> [apiv2][query] GET https://firestore.googleapis.com/v1/projects/student-fee-portal-ae617/databases/(default)/collectionGroups/-/indexes [none]
[debug] [2025-07-17T13:53:40.356Z] >>> [apiv2][query] GET https://firestore.googleapis.com/v1/projects/student-fee-portal-ae617/databases/(default)/collectionGroups/-/fields?filter=indexConfig.usesAncestorConfig=false OR ttlConfig:* [none]
[debug] [2025-07-17T13:53:42.180Z] <<< [apiv2][status] GET https://firestore.googleapis.com/v1/projects/student-fee-portal-ae617/databases/(default)/collectionGroups/-/fields?filter=indexConfig.usesAncestorConfig=false OR ttlConfig:* 200
[debug] [2025-07-17T13:53:42.180Z] <<< [apiv2][body] GET https://firestore.googleapis.com/v1/projects/student-fee-portal-ae617/databases/(default)/collectionGroups/-/fields?filter=indexConfig.usesAncestorConfig=false OR ttlConfig:* {"fields":[{"name":"projects/student-fee-portal-ae617/databases/(default)/collectionGroups/__default__/fields/*","indexConfig":{"indexes":[{"queryScope":"COLLECTION","fields":[{"fieldPath":"*","order":"ASCENDING"}],"state":"READY"},{"queryScope":"COLLECTION","fields":[{"fieldPath":"*","order":"DESCENDING"}],"state":"READY"},{"queryScope":"COLLECTION","fields":[{"fieldPath":"*","arrayConfig":"CONTAINS"}],"state":"READY"}]}}]}
[debug] [2025-07-17T13:53:42.192Z] <<< [apiv2][status] GET https://firestore.googleapis.com/v1/projects/student-fee-portal-ae617/databases/(default)/collectionGroups/-/indexes 200
[debug] [2025-07-17T13:53:42.192Z] <<< [apiv2][body] GET https://firestore.googleapis.com/v1/projects/student-fee-portal-ae617/databases/(default)/collectionGroups/-/indexes {}
[info] i  Downloaded the existing Firestore indexes from the Firebase console 
[info] +  Wrote firestore.rules 
[info] +  Wrote firestore.indexes.json 
[info] 
=== Hosting Setup
[debug] [2025-07-17T13:53:42.197Z] Checked if tokens are valid: true, expires at: 1752763820793
[debug] [2025-07-17T13:53:42.197Z] Checked if tokens are valid: true, expires at: 1752763820793
[debug] [2025-07-17T13:53:42.197Z] >>> [apiv2][query] GET https://firebase.googleapis.com/v1beta1/projects/student-fee-portal-ae617 [none]
[debug] [2025-07-17T13:53:42.708Z] <<< [apiv2][status] GET https://firebase.googleapis.com/v1beta1/projects/student-fee-portal-ae617 200
[debug] [2025-07-17T13:53:42.708Z] <<< [apiv2][body] GET https://firebase.googleapis.com/v1beta1/projects/student-fee-portal-ae617 {"projectId":"student-fee-portal-ae617","projectNumber":"61141539333","displayName":"student-fee-portal","name":"projects/student-fee-portal-ae617","resources":{"hostingSite":"student-fee-portal-ae617"},"state":"ACTIVE","etag":"1_f9a07c31-ca99-4a58-a781-768d9e040b21"}
[info] 
[info] Your public directory is the folder (relative to your project directory) that
[info] will contain Hosting assets to be uploaded with firebase deploy. If you
[info] have a build process for your assets, use your build's output directory.
[info] 
[debug] [2025-07-17T13:54:47.983Z] >>> [apiv2][query] GET https://www.gstatic.com/firebasejs/releases.json [none]
[debug] [2025-07-17T13:54:48.135Z] <<< [apiv2][status] GET https://www.gstatic.com/firebasejs/releases.json 200
[debug] [2025-07-17T13:54:48.136Z] <<< [apiv2][body] GET https://www.gstatic.com/firebasejs/releases.json {"current":{"version":"11.10.0","browserURL":"https://www.gstatic.com/firebasejs/11.10.0/firebase.js","packageURL":"https://www.gstatic.com/firebasejs/11.10.0/firebase.tgz"},"live":{"version":"11.10","browserURL":"https://www.gstatic.com/firebasejs/live/11.10/firebase.js","packageURL":"https://www.gstatic.com/firebasejs/live/11.10/firebase.tgz"},"components":{"ai":"https://www.gstatic.com/firebasejs/11.10.0/firebase-ai.js","analytics":"https://www.gstatic.com/firebasejs/11.10.0/firebase-analytics.js","app":"https://www.gstatic.com/firebasejs/11.10.0/firebase-app.js","app-check":"https://www.gstatic.com/firebasejs/11.10.0/firebase-app-check.js","auth":"https://www.gstatic.com/firebasejs/11.10.0/firebase-auth.js","auth/cordova":"https://www.gstatic.com/firebasejs/11.10.0/firebase-auth/cordova.js","auth/web-extension":"https://www.gstatic.com/firebasejs/11.10.0/firebase-auth/web-extension.js","functions":"https://www.gstatic.com/firebasejs/11.10.0/firebase-functions.js","firestore":"https://www.gstatic.com/firebasejs/11.10.0/firebase-firestore.js","firestore/lite":"https://www.gstatic.com/firebasejs/11.10.0/firebase-firestore/lite.js","installations":"https://www.gstatic.com/firebasejs/11.10.0/firebase-installations.js","storage":"https://www.gstatic.com/firebasejs/11.10.0/firebase-storage.js","performance":"https://www.gstatic.com/firebasejs/11.10.0/firebase-performance.js","remote-config":"https://www.gstatic.com/firebasejs/11.10.0/firebase-remote-config.js","messaging":"https://www.gstatic.com/firebasejs/11.10.0/firebase-messaging.js","messaging/sw":"https://www.gstatic.com/firebasejs/11.10.0/firebase-messaging/sw.js","database":"https://www.gstatic.com/firebasejs/11.10.0/firebase-database.js","vertexai":"https://www.gstatic.com/firebasejs/11.10.0/firebase-vertexai.js","data-connect":"https://www.gstatic.com/firebasejs/11.10.0/firebase-data-connect.js","firestore.memory":"https://www.gstatic.com/firebasejs/11.10.0/firebase-firestore.memory.js"}}
[info] +  Wrote build/index.html 
[info] 
[info] i  Detected a .git folder at C:\Users\kriti\student-fee-app 
[info] i  Authorizing with GitHub to upload your service account to a GitHub repository's secrets store. 
[info] 
[info] Visit this URL on this device to log in:
[info] https://github.com/login/oauth/authorize?client_id=89cf50f02ac6aaed3484&state=575339698&redirect_uri=http%3A%2F%2Flocalhost%3A9005&scope=read%3Auser%20repo%20public_repo
[info] 
[info] Waiting for authentication...
[debug] [2025-07-17T13:57:47.448Z] >>> [apiv2][query] POST https://github.com/login/oauth/access_token [none]
[debug] [2025-07-17T13:57:47.449Z] >>> [apiv2][body] POST https://github.com/login/oauth/access_token [stream]
[debug] [2025-07-17T13:57:47.927Z] <<< [apiv2][status] POST https://github.com/login/oauth/access_token 200
[debug] [2025-07-17T13:57:47.927Z] <<< [apiv2][body] POST https://github.com/login/oauth/access_token {"access_token":"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","token_type":"bearer","scope":"read:user,repo"}
[debug] [2025-07-17T13:57:47.956Z] >>> [apiv2][query] GET https://api.github.com/user [none]
[debug] [2025-07-17T13:57:48.449Z] <<< [apiv2][status] GET https://api.github.com/user 200
[debug] [2025-07-17T13:57:48.449Z] <<< [apiv2][body] GET https://api.github.com/user {"login":"Kritikaj2005","id":147652362,"node_id":"U_kgDOCMz_Cg","avatar_url":"https://avatars.githubusercontent.com/u/147652362?v=4","gravatar_id":"","url":"https://api.github.com/users/Kritikaj2005","html_url":"https://github.com/Kritikaj2005","followers_url":"https://api.github.com/users/Kritikaj2005/followers","following_url":"https://api.github.com/users/Kritikaj2005/following{/other_user}","gists_url":"https://api.github.com/users/Kritikaj2005/gists{/gist_id}","starred_url":"https://api.github.com/users/Kritikaj2005/starred{/owner}{/repo}","subscriptions_url":"https://api.github.com/users/Kritikaj2005/subscriptions","organizations_url":"https://api.github.com/users/Kritikaj2005/orgs","repos_url":"https://api.github.com/users/Kritikaj2005/repos","events_url":"https://api.github.com/users/Kritikaj2005/events{/privacy}","received_events_url":"https://api.github.com/users/Kritikaj2005/received_events","type":"User","user_view_type":"private","site_admin":false,"name":"Kritika Jain","company":null,"blog":"","location":null,"email":null,"hireable":null,"bio":null,"twitter_username":null,"notification_email":null,"public_repos":9,"public_gists":0,"followers":0,"following":0,"created_at":"2023-10-11T17:53:55Z","updated_at":"2025-05-06T12:51:27Z","private_gists":0,"total_private_repos":1,"owned_private_repos":1,"disk_usage":177604,"collaborators":0,"two_factor_authentication":false,"plan":{"name":"free","space":976562499,"collaborators":0,"private_repos":10000}}
[info] 
[info] +  Success! Logged into GitHub as Kritikaj2005 
[info] 
[debug] [2025-07-17T13:58:23.305Z] ExitPromptError: User force closed the prompt with SIGINT
    at Interface.sigint (C:\Users\kriti\AppData\Roaming\npm\node_modules\firebase-tools\node_modules\@inquirer\core\dist\commonjs\lib\create-prompt.js:101:37)
    at Interface.emit (node:events:519:28)
    at Interface.emit (node:domain:488:12)
    at [_ttyWrite] [as _ttyWrite] (node:internal/readline/interface:1126:18)
    at ReadStream.onkeypress (node:internal/readline/interface:265:20)
    at ReadStream.emit (node:events:531:35)
    at ReadStream.emit (node:domain:488:12)
    at emitKeys (node:internal/readline/utils:371:14)
    at emitKeys.next (<anonymous>)
    at ReadStream.onData (node:internal/readline/emitKeypressEvents:64:36)
[error] 
[error] Error: An unexpected error has occurred.
